<!-- Copyright (C) 2019 Istituto Italiano di Tecnologia (IIT). All rights reserved.
This software may be modified and distributed under the terms of the
GNU Lesser General Public License v2.1 or any later version. -->

<?xml version="1.0" encoding="UTF-8" ?>
<device  xmlns:xi="http://www.w3.org/2001/XInclude" name="test-sensor-bridge" type="YarpSensorBridgeTestDevice">
    <param name="robot">icubSim</param>
    <param name="sampling_period_in_s">0.01</param>
    <param name="port_prefix">/test-sensor-bridge</param>

    <param name="joint_list">("neck_pitch", "neck_roll", "neck_yaw", "torso_pitch", "torso_roll", "torso_yaw", "l_shoulder_pitch", "l_shoulder_roll", "l_shoulder_yaw", "l_elbow", "r_shoulder_pitch", "r_shoulder_roll", "r_shoulder_yaw", "r_elbow", "l_hip_pitch", "l_hip_roll", "l_hip_yaw", "l_knee", "l_ankle_pitch", "l_ankle_roll", "r_hip_pitch", "r_hip_roll", "r_hip_yaw", "r_knee", "r_ankle_pitch", "r_ankle_roll")</param>

    <group name="RobotSensorBridge">
        <param name="check_for_nan">false</param>
        <param name="stream_joint_states">true</param>
        <param name="stream_inertials">true</param>
        <param name="stream_cartesian_wrenches">true</param>
        <param name="stream_forcetorque_sensors">false</param>
        <param name="stream_cameras">false</param>

        <group name="RemoteControlBoardRemapper">
            <param name="joints_list">("neck_pitch", "neck_roll", "neck_yaw", "torso_pitch", "torso_roll", "torso_yaw", "l_shoulder_pitch", "l_shoulder_roll", "l_shoulder_yaw", "l_elbow", "r_shoulder_pitch", "r_shoulder_roll", "r_shoulder_yaw", "r_elbow", "l_hip_pitch", "l_hip_roll", "l_hip_yaw", "l_knee", "l_ankle_pitch", "l_ankle_roll", "r_hip_pitch", "r_hip_roll", "r_hip_yaw", "r_knee", "r_ankle_pitch", "r_ankle_roll")</param>
        </group>

        <group name="InertialSensors">
            <param name="imu_list">("root_link_imu_acc")</param>
        </group>

        <group name="CartesianWrenches">
            <param name="cartesian_wrenches_list">("right_foot_cartesian_wrench", "left_foot_cartesian_wrench")</param>
        </group>
    </group>

    <!-- ATTACH -->
    <action phase="startup" level="15" type="attach">
        <paramlist name="networks">
            <elem name="all_joints">all_joints_mc</elem>
            <elem name="root_link_imu_acc">root_link_imu_acc</elem>
            <elem name="left_foot_cartesian_wrench">left_foot_cartesian_wrench</elem>
            <elem name="right_foot_cartesian_wrench">right_foot_cartesian_wrench</elem>
        </paramlist>
    </action>

    <action phase="shutdown" level="2" type="detach" />
    <!-- FINISH ATTACH-->

</device>
